<?xml version="1.0" encoding="UTF-8"?>
<!-- Generated by org.testng.reporters.JUnitXMLReporter -->
<testsuite hostname="DESKTOP-1HNQQAN" tests="0" failures="0" timestamp="12 Dec 2019 18:01:54 GMT" time="0.015" errors="0">
  <testcase name="@BeforeSuite setUp" time="0.0" classname="com.jbkBase.TestBase">
    <failure type="java.lang.Error" message="Unresolved compilation problem: 
	Syntax error, insert &amp;quot;;&amp;quot; to complete Statement
">
      <![CDATA[java.lang.Error: Unresolved compilation problem: 
	Syntax error, insert ";" to complete Statement

	at com.jbkBase.TestBase.setUp(TestBase.java:64)
... Removed 18 stack frames]]>
    </failure>
  </testcase> <!-- @BeforeSuite setUp -->
</testsuite>
