<?xml version="1.0" encoding="UTF-8"?>
<testng-results skipped="1" failed="0" total="1" passed="0">
  <reporter-output>
  </reporter-output>
  <suite name="Data Driven Basics" duration-ms="69" started-at="2020-02-25T16:16:49Z" finished-at="2020-02-25T16:16:50Z">
    <groups>
    </groups>
    <test name="LoginTest" duration-ms="69" started-at="2020-02-25T16:16:49Z" finished-at="2020-02-25T16:16:50Z">
      <class name="com.TestCases.LoginTest">
        <test-method status="FAIL" signature="setUp()[pri:0, instance:com.TestCases.LoginTest@da1055]" name="setUp" is-config="true" duration-ms="0" started-at="2020-02-25T21:46:49Z" finished-at="2020-02-25T21:46:49Z">
          <exception class="java.lang.IllegalStateException">
            <message>
              <![CDATA[The driver executable does not exist: D:\Java and testing\LiveProject\EprocBill\src\test\resources\executable\chrome.exe]]>
            </message>
            <full-stacktrace>
              <![CDATA[java.lang.IllegalStateException: The driver executable does not exist: D:\Java and testing\LiveProject\EprocBill\src\test\resources\executable\chrome.exe
	at com.google.common.base.Preconditions.checkState(Preconditions.java:199)
	at org.openqa.selenium.remote.service.DriverService.checkExecutable(DriverService.java:121)
	at org.openqa.selenium.remote.service.DriverService.findExecutable(DriverService.java:116)
	at org.openqa.selenium.chrome.ChromeDriverService.access$0(ChromeDriverService.java:1)
	at org.openqa.selenium.chrome.ChromeDriverService$Builder.findDefaultExecutable(ChromeDriverService.java:137)
	at org.openqa.selenium.remote.service.DriverService$Builder.build(DriverService.java:296)
	at org.openqa.selenium.chrome.ChromeDriverService.createDefaultService(ChromeDriverService.java:88)
	at org.openqa.selenium.chrome.ChromeDriver.<init>(ChromeDriver.java:116)
	at com.jbkBase.TestBase.setUp(TestBase.java:58)
	at sun.reflect.NativeMethodAccessorImpl.invoke0(Native Method)
	at sun.reflect.NativeMethodAccessorImpl.invoke(Unknown Source)
	at sun.reflect.DelegatingMethodAccessorImpl.invoke(Unknown Source)
	at java.lang.reflect.Method.invoke(Unknown Source)
	at org.testng.internal.MethodInvocationHelper.invokeMethod(MethodInvocationHelper.java:85)
	at org.testng.internal.Invoker.invokeConfigurationMethod(Invoker.java:510)
	at org.testng.internal.Invoker.invokeConfigurations(Invoker.java:211)
	at org.testng.internal.Invoker.invokeConfigurations(Invoker.java:138)
	at org.testng.SuiteRunner.privateRun(SuiteRunner.java:298)
	at org.testng.SuiteRunner.run(SuiteRunner.java:261)
	at org.testng.SuiteRunnerWorker.runSuite(SuiteRunnerWorker.java:52)
	at org.testng.SuiteRunnerWorker.run(SuiteRunnerWorker.java:86)
	at org.testng.TestNG.runSuitesSequentially(TestNG.java:1215)
	at org.testng.TestNG.runSuitesLocally(TestNG.java:1140)
	at org.testng.TestNG.run(TestNG.java:1048)
	at org.testng.remote.RemoteTestNG.run(RemoteTestNG.java:112)
	at org.testng.remote.RemoteTestNG.initAndRun(RemoteTestNG.java:205)
	at org.testng.remote.RemoteTestNG.main(RemoteTestNG.java:176)
]]>
            </full-stacktrace>
          </exception> <!-- java.lang.IllegalStateException -->
          <reporter-output>
          </reporter-output>
        </test-method> <!-- setUp -->
        <test-method status="SKIP" signature="Login()[pri:0, instance:com.TestCases.LoginTest@da1055]" name="Login" duration-ms="1" started-at="2020-02-25T21:46:50Z" finished-at="2020-02-25T21:46:50Z">
          <reporter-output>
          </reporter-output>
        </test-method> <!-- Login -->
        <test-method status="SKIP" signature="tearDown()[pri:0, instance:com.TestCases.LoginTest@da1055]" name="tearDown" is-config="true" duration-ms="0" started-at="2020-02-25T21:46:50Z" finished-at="2020-02-25T21:46:50Z">
          <reporter-output>
          </reporter-output>
        </test-method> <!-- tearDown -->
      </class> <!-- com.TestCases.LoginTest -->
    </test> <!-- LoginTest -->
  </suite> <!-- Data Driven Basics -->
</testng-results>
